<?xml version="1.0" encoding="UTF-8"?>
<!-- Generated by org.testng.reporters.JUnitXMLReporter -->
<testsuite hostname="Admin-PC" name="GRP-Payment,Registration,Search,Login,login" tests="10" failures="0" timestamp="10 Jun 2020 20:52:31 GMT" time="0.264" errors="0">
  <testcase name="testcase3" time="0.056" classname="TestcaseSquence.TestcaseGroup"/>
  <testcase name="testcase1" time="0.005" classname="TestcaseSquence.TestcaseGroup"/>
  <testcase name="testcase2" time="0.005" classname="TestcaseSquence.TestcaseGroup"/>
  <testcase name="testcase1" time="0.01" classname="TestcaseSquence.TestSquence"/>
  <testcase name="testcase2" time="0.005" classname="TestcaseSquence.TestSquence"/>
  <testcase name="testcase3" time="0.005" classname="TestcaseSquence.TestSquence"/>
  <testcase name="testcase4" time="0.005" classname="TestcaseSquence.TestSquence"/>
  <testcase name="testcase5" time="0.004" classname="TestcaseSquence.TestSquence"/>
  <testcase name="testcase6" time="0.012" classname="TestcaseSquence.TestSquence"/>
  <testcase name="testcase7" time="0.004" classname="TestcaseSquence.TestSquence"/>
</testsuite> <!-- GRP-Payment,Registration,Search,Login,login -->
